2025-09-10 14:40:27,488 INFO RPC interface 'supervisor' initialized
2025-09-10 14:40:27,488 CRIT Server 'unix_http_server' running without any HTTP authentication checking
2025-09-10 14:40:27,490 INFO daemonizing the supervisord process
2025-09-10 14:40:27,491 INFO supervisord started with pid 1508
2025-09-10 14:40:28,494 INFO spawned: 'empty-nest-website' with pid 1531
2025-09-10 14:40:29,567 INFO success: empty-nest-website entered RUNNING state, process has stayed up for > than 1 seconds (startsecs)
2025-09-10 14:52:04,920 INFO waiting for empty-nest-website to stop
2025-09-10 14:52:04,921 WARN stopped: empty-nest-website (terminated by SIGTERM)
2025-09-10 14:52:04,926 INFO spawned: 'empty-nest-website' with pid 2654
2025-09-10 14:52:06,022 INFO success: empty-nest-website entered RUNNING state, process has stayed up for > than 1 seconds (startsecs)
2025-09-10 15:13:26,582 INFO waiting for empty-nest-website to stop
2025-09-10 15:13:26,583 WARN stopped: empty-nest-website (terminated by SIGTERM)
2025-09-10 15:13:26,588 INFO spawned: 'empty-nest-website' with pid 4208
2025-09-10 15:13:27,679 INFO success: empty-nest-website entered RUNNING state, process has stayed up for > than 1 seconds (startsecs)
2025-09-10 15:40:29,302 INFO waiting for empty-nest-website to stop
2025-09-10 15:40:29,303 WARN stopped: empty-nest-website (terminated by SIGTERM)
2025-09-10 15:40:29,309 INFO spawned: 'empty-nest-website' with pid 6358
2025-09-10 15:40:30,411 INFO success: empty-nest-website entered RUNNING state, process has stayed up for > than 1 seconds (startsecs)
2025-09-10 15:46:50,091 INFO waiting for empty-nest-website to stop
2025-09-10 15:46:50,093 WARN stopped: empty-nest-website (terminated by SIGTERM)
2025-09-10 15:46:50,097 INFO spawned: 'empty-nest-website' with pid 7420
2025-09-10 15:46:51,183 INFO success: empty-nest-website entered RUNNING state, process has stayed up for > than 1 seconds (startsecs)
2025-09-10 15:57:29,014 INFO waiting for empty-nest-website to stop
2025-09-10 15:57:29,016 WARN stopped: empty-nest-website (terminated by SIGTERM)
2025-09-10 15:57:29,020 INFO spawned: 'empty-nest-website' with pid 8689
2025-09-10 15:57:30,108 INFO success: empty-nest-website entered RUNNING state, process has stayed up for > than 1 seconds (startsecs)
2025-09-10 16:04:37,909 INFO waiting for empty-nest-website to stop
2025-09-10 16:04:37,911 WARN stopped: empty-nest-website (terminated by SIGTERM)
2025-09-10 16:04:37,916 INFO spawned: 'empty-nest-website' with pid 9720
2025-09-10 16:04:39,017 INFO success: empty-nest-website entered RUNNING state, process has stayed up for > than 1 seconds (startsecs)
2025-09-10 16:21:06,206 INFO waiting for empty-nest-website to stop
2025-09-10 16:21:06,207 WARN stopped: empty-nest-website (terminated by SIGTERM)
2025-09-10 16:21:06,211 INFO spawned: 'empty-nest-website' with pid 11458
2025-09-10 16:21:07,315 INFO success: empty-nest-website entered RUNNING state, process has stayed up for > than 1 seconds (startsecs)
2025-09-10 16:28:46,043 INFO waiting for empty-nest-website to stop
2025-09-10 16:28:46,044 WARN stopped: empty-nest-website (terminated by SIGTERM)
2025-09-10 16:28:46,048 INFO spawned: 'empty-nest-website' with pid 13113
2025-09-10 16:28:47,122 INFO success: empty-nest-website entered RUNNING state, process has stayed up for > than 1 seconds (startsecs)
2025-09-10 16:36:48,401 INFO waiting for empty-nest-website to stop
2025-09-10 16:36:48,403 WARN stopped: empty-nest-website (terminated by SIGTERM)
2025-09-10 16:36:48,406 INFO spawned: 'empty-nest-website' with pid 14398
2025-09-10 16:36:49,487 INFO success: empty-nest-website entered RUNNING state, process has stayed up for > than 1 seconds (startsecs)
2025-09-10 16:40:54,614 INFO waiting for empty-nest-website to stop
2025-09-10 16:40:54,616 WARN stopped: empty-nest-website (terminated by SIGTERM)
2025-09-10 16:40:54,620 INFO spawned: 'empty-nest-website' with pid 15221
2025-09-10 16:40:55,698 INFO success: empty-nest-website entered RUNNING state, process has stayed up for > than 1 seconds (startsecs)
2025-09-10 16:58:13,538 INFO waiting for empty-nest-website to stop
2025-09-10 16:58:13,540 WARN stopped: empty-nest-website (terminated by SIGTERM)
2025-09-10 16:58:13,544 INFO spawned: 'empty-nest-website' with pid 16881
2025-09-10 16:58:14,630 INFO success: empty-nest-website entered RUNNING state, process has stayed up for > than 1 seconds (startsecs)
2025-09-10 17:05:10,098 INFO waiting for empty-nest-website to stop
2025-09-10 17:05:10,100 WARN stopped: empty-nest-website (terminated by SIGTERM)
2025-09-10 17:05:10,104 INFO spawned: 'empty-nest-website' with pid 17809
2025-09-10 17:05:11,186 INFO success: empty-nest-website entered RUNNING state, process has stayed up for > than 1 seconds (startsecs)
2025-09-10 17:09:30,289 INFO waiting for empty-nest-website to stop
2025-09-10 17:09:30,291 WARN stopped: empty-nest-website (terminated by SIGTERM)
2025-09-10 17:09:30,296 INFO spawned: 'empty-nest-website' with pid 18433
2025-09-10 17:09:31,382 INFO success: empty-nest-website entered RUNNING state, process has stayed up for > than 1 seconds (startsecs)
